<?xml version="1.0" encoding="UTF-8"?>
<!-- Generated by org.testng.reporters.JUnitReportReporter -->
<testsuite skipped="0" hostname="TILAK" name="scripts.TestLogin" tests="1" failures="0" timestamp="16 Oct 2019 12:04:26 GMT" time="8.546" errors="0">
  <testcase name="checklogin" time="8.546" classname="scripts.TestLogin"/>
</testsuite> <!-- scripts.TestLogin -->
