<?xml version="1.0" encoding="UTF-8"?>
<!-- Generated by org.testng.reporters.JUnitReportReporter -->
<testsuite skipped="0" hostname="TILAK" name="testng.Test1" tests="4" failures="0" timestamp="11 Oct 2019 07:08:46 GMT" time="0.059" errors="0">
  <testcase name="testA" time="0.006" classname="testng.Test1"/>
  <testcase name="testA" time="0.026" classname="testng.Test1"/>
  <testcase name="testB" time="0.018" classname="testng.Test1"/>
  <testcase name="testB" time="0.009" classname="testng.Test1"/>
</testsuite> <!-- testng.Test1 -->
