<?xml version="1.0" encoding="UTF-8"?>
<!-- Generated by org.testng.reporters.JUnitReportReporter -->
<testsuite skipped="0" hostname="TILAK" name="testng.SysInfo" tests="1" failures="0" timestamp="17 Oct 2019 10:21:11 GMT" time="22.231" errors="0">
  <testcase name="gettext" time="22.231" classname="testng.SysInfo"/>
</testsuite> <!-- testng.SysInfo -->
