<?xml version="1.0" encoding="UTF-8"?>
<!-- Generated by org.testng.reporters.JUnitReportReporter -->
<testsuite skipped="0" hostname="TILAK" name="testng.UserOps02" tests="6" failures="0" timestamp="15 Oct 2019 11:47:17 GMT" time="0.090" errors="0">
  <testcase name="createuser" time="0.055" classname="testng.UserOps02"/>
  <testcase name="createuser" time="0.008" classname="testng.UserOps02"/>
  <testcase name="createuser" time="0.006" classname="testng.UserOps02"/>
  <testcase name="login" time="0.008" classname="testng.UserOps02"/>
  <testcase name="edituser" time="0.007" classname="testng.UserOps02"/>
  <testcase name="deleteuser" time="0.006" classname="testng.UserOps02"/>
</testsuite> <!-- testng.UserOps02 -->
