<?xml version="1.0" encoding="UTF-8"?>
<!-- Generated by org.testng.reporters.JUnitReportReporter -->
<testsuite skipped="1" hostname="TILAK" name="testng.Userops" tests="2" failures="0" timestamp="16 Oct 2019 07:22:21 GMT" time="0.030" errors="0">
  <testcase name="login" time="0.030" classname="testng.Userops"/>
  <testcase name="edituser" classname="testng.Userops">
    <skipped/>
  </testcase> <!-- edituser -->
</testsuite> <!-- testng.Userops -->
