<?xml version="1.0" encoding="UTF-8"?>
<!-- Generated by org.testng.reporters.JUnitReportReporter -->
<testsuite skipped="0" hostname="TILAK" name="testng.Test2" tests="8" failures="0" timestamp="11 Oct 2019 09:22:59 GMT" time="0.059" errors="0">
  <testcase name="testC" time="0.008" classname="testng.Test2"/>
  <testcase name="testA" time="0.005" classname="testng.Test2"/>
  <testcase name="testD" time="0.005" classname="testng.Test2"/>
  <testcase name="testB" time="0.003" classname="testng.Test2"/>
  <testcase name="testC" time="0.006" classname="testng.Test2"/>
  <testcase name="testA" time="0.017" classname="testng.Test2"/>
  <testcase name="testB" time="0.009" classname="testng.Test2"/>
  <testcase name="testD" time="0.006" classname="testng.Test2"/>
</testsuite> <!-- testng.Test2 -->
