<?xml version="1.0" encoding="UTF-8"?>
<!-- Generated by org.testng.reporters.JUnitReportReporter -->
<testsuite skipped="0" hostname="TILAK" name="testng.LoginTest" tests="1" failures="0" timestamp="11 Oct 2019 06:19:27 GMT" time="13.244" errors="0">
  <testcase name="logintoactitime" time="13.244" classname="testng.LoginTest"/>
</testsuite> <!-- testng.LoginTest -->
