<?xml version="1.0" encoding="UTF-8"?>
<!-- Generated by org.testng.reporters.JUnitReportReporter -->
<testsuite skipped="0" hostname="TILAK" name="testng.ViewLicense" tests="1" failures="0" timestamp="16 Oct 2019 10:37:30 GMT" time="12.026" errors="0">
  <testcase name="gettext" time="12.026" classname="testng.ViewLicense"/>
</testsuite> <!-- testng.ViewLicense -->
