<?xml version="1.0" encoding="UTF-8"?>
<!-- Generated by org.testng.reporters.JUnitReportReporter -->
<testsuite skipped="0" hostname="TILAK" name="scripts.TestExcel" tests="2" failures="0" timestamp="18 Oct 2019 07:37:45 GMT" time="2.564" errors="0">
  <testcase name="writexl" time="0.985" classname="scripts.TestExcel"/>
  <testcase name="readxl" time="1.579" classname="scripts.TestExcel"/>
</testsuite> <!-- scripts.TestExcel -->
